<?xml version="1.0" encoding="UTF-8"?>
<!-- Generated by org.testng.reporters.JUnitReportReporter -->
<testsuite skipped="0" hostname="ROHITSOO01" name="TestNG_Test.SmokeTest" tests="3" failures="0" timestamp="31 Jan 2019 04:25:09 GMT" time="127.028" errors="0">
  <testcase name="tc03" time="44.116" classname="TestNG_Test.SmokeTest"/>
  <testcase name="tc01" time="38.812" classname="TestNG_Test.SmokeTest"/>
  <testcase name="tc02" time="44.100" classname="TestNG_Test.SmokeTest"/>
</testsuite> <!-- TestNG_Test.SmokeTest -->
