<?xml version="1.0" encoding="UTF-8"?>
<!-- Generated by org.testng.reporters.JUnitReportReporter -->
<testsuite skipped="0" hostname="ROHITSOO01" name="com.test.ExtentReportDemo" tests="1" failures="0" timestamp="05 Dec 2018 05:22:46 GMT" time="0.914" errors="0">
  <testcase name="loginTest" time="0.914" classname="com.test.ExtentReportDemo"/>
</testsuite> <!-- com.test.ExtentReportDemo -->
