<?xml version="1.0" encoding="UTF-8"?>
<!-- Generated by org.testng.reporters.JUnitReportReporter -->
<testsuite skipped="0" hostname="ROHITSOO01" name="ace.sample" tests="3" failures="0" timestamp="05 Dec 2018 01:13:48 GMT" time="0.031" errors="0">
  <testcase name="testcase2" time="0.003" classname="ace.sample"/>
  <testcase name="testcase3" time="0.004" classname="ace.sample"/>
  <testcase name="testcase1" time="0.024" classname="ace.sample"/>
</testsuite> <!-- ace.sample -->
