<?xml version="1.0" encoding="UTF-8"?>
<!-- Generated by org.testng.reporters.JUnitReportReporter -->
<testsuite skipped="0" hostname="ROHITSOO01" name="com.test.TestSample" tests="1" failures="0" timestamp="07 Dec 2018 03:36:41 GMT" time="17.506" errors="0">
  <testcase name="testcase1" time="17.506" classname="com.test.TestSample"/>
</testsuite> <!-- com.test.TestSample -->
