<?xml version="1.0" encoding="UTF-8"?>
<!-- Generated by org.testng.reporters.JUnitReportReporter -->
<testsuite skipped="2" hostname="ROHITSOO01" name="TestNG_Test.SmokeTest" tests="3" failures="0" timestamp="07 Feb 2019 04:42:55 GMT" time="55.803" errors="0">
  <testcase name="tc01" time="55.803" classname="TestNG_Test.SmokeTest"/>
  <testcase name="tc03" classname="TestNG_Test.SmokeTest">
    <skipped/>
  </testcase> <!-- tc03 -->
  <testcase name="tc02" classname="TestNG_Test.SmokeTest">
    <skipped/>
  </testcase> <!-- tc02 -->
</testsuite> <!-- TestNG_Test.SmokeTest -->
