<?xml version="1.0" encoding="UTF-8"?>
<!-- Generated by org.testng.reporters.JUnitReportReporter -->
<testsuite skipped="0" hostname="ROHITSOO01" name="ace.TestSample" tests="3" failures="0" timestamp="05 Dec 2018 04:25:37 GMT" time="0.021" errors="0">
  <testcase name="testcase2" time="0.003" classname="ace.TestSample"/>
  <testcase name="testcase3" time="0.005" classname="ace.TestSample"/>
  <testcase name="testcase1" time="0.013" classname="ace.TestSample"/>
</testsuite> <!-- ace.TestSample -->
