<?xml version="1.0" encoding="UTF-8"?>
<!-- Generated by org.testng.reporters.JUnitReportReporter -->
<testsuite skipped="0" hostname="ROHITSOO01" name="cucumbertest.TestSample" tests="1" failures="0" timestamp="08 Dec 2018 03:58:58 GMT" time="29.912" errors="0">
  <testcase name="testlogin" time="29.912" classname="cucumbertest.TestSample"/>
</testsuite> <!-- cucumbertest.TestSample -->
