<?xml version="1.0" encoding="UTF-8"?>
<!-- Generated by org.testng.reporters.JUnitReportReporter -->
<testsuite skipped="0" hostname="ROHITSOO01" name="TestNG_Test.Testcase1" tests="3" failures="0" timestamp="31 Jan 2019 04:19:46 GMT" time="142.008" errors="0">
  <testcase name="tc03" time="61.819" classname="TestNG_Test.Testcase1"/>
  <testcase name="tc01" time="36.465" classname="TestNG_Test.Testcase1"/>
  <testcase name="tc02" time="43.724" classname="TestNG_Test.Testcase1"/>
</testsuite> <!-- TestNG_Test.Testcase1 -->
