<?xml version="1.0" encoding="UTF-8"?>
<!-- Generated by org.testng.reporters.JUnitReportReporter -->
<testsuite skipped="2" hostname="ROHITSOO01" name="TestNG_Test.SmokeTest" tests="3" failures="0" timestamp="14 Feb 2019 02:14:06 GMT" time="60.162" errors="0">
  <testcase name="tc01" time="60.162" classname="TestNG_Test.SmokeTest"/>
  <testcase name="tc03" classname="TestNG_Test.SmokeTest">
    <skipped/>
  </testcase> <!-- tc03 -->
  <testcase name="tc02" classname="TestNG_Test.SmokeTest">
    <skipped/>
  </testcase> <!-- tc02 -->
</testsuite> <!-- TestNG_Test.SmokeTest -->
