<?xml version="1.0" encoding="UTF-8"?>
<!-- Generated by org.testng.reporters.JUnitReportReporter -->
<testsuite skipped="0" hostname="ROHITSOO01" name="com.cucumbertest.TestSample" tests="1" failures="0" timestamp="07 Dec 2018 04:17:01 GMT" time="15.903" errors="0">
  <testcase name="testcase1" time="15.903" classname="com.cucumbertest.TestSample"/>
</testsuite> <!-- com.cucumbertest.TestSample -->
