<?xml version="1.0" encoding="UTF-8"?>
<!-- Generated by org.testng.reporters.JUnitReportReporter -->
<testsuite hostname="ROHITSOO01" name="TestNG_Test.SmokeTest" tests="1" failures="0" timestamp="14 Feb 2019 04:31:50 GMT" time="60.382" errors="0">
  <testcase name="tc01" time="60.382" classname="TestNG_Test.SmokeTest"/>
</testsuite>
