<?xml version="1.0" encoding="UTF-8"?>
<!-- Generated by org.testng.reporters.JUnitReportReporter -->
<testsuite hostname="ROHITSOO01" name="TestNG_Test.SmokeTest" tests="1" failures="0" timestamp="7 Feb 2019 03:15:10 GMT" time="52.905" errors="0">
  <testcase name="tc01" time="52.905" classname="TestNG_Test.SmokeTest"/>
</testsuite>
